<?xml version="1.0" encoding="UTF-8"?>
<!-- Generated by org.testng.reporters.JUnitXMLReporter -->
<testsuite hostname="HP" ignored="3" name="Default test" tests="1" failures="0" timestamp="24 Jul 2020 18:21:02 GMT" time="29.43" errors="0">
  <testcase name="Applogin" time="10.958" classname="Testcases.Amazontestcase"/>
  <testcase name="verifytitle" time="0.0" classname="Testcases.Amazontestcase">
    <ignored/>
  </testcase> <!-- verifytitle -->
  <testcase name="Applogout" time="0.0" classname="Testcases.Amazontestcase">
    <ignored/>
  </testcase> <!-- Applogout -->
  <testcase name="Prodprice" time="0.0" classname="Testcases.Amazontestcase">
    <ignored/>
  </testcase> <!-- Prodprice -->
</testsuite> <!-- Default test -->
