<?xml version="1.0" encoding="UTF-8"?>
<!-- Generated by org.testng.reporters.JUnitXMLReporter -->
<testsuite hostname="HP" ignored="4" name="Test" tests="1" failures="1" timestamp="27 Jul 2020 07:36:35 GMT" time="2.041" errors="0">
  <testcase name="URLLaunch" time="1.941" classname="Testcases.Amazontestcase">
    <failure type="org.testng.internal.reflect.MethodMatcherException" message="
Data provider mismatch
Method: URLLaunch([Parameter{index=0, type=java.lang.String, declaredAnnotations=[]}])
Arguments: [(java.lang.String) https://amazon.in,(java.lang.String) vignesh186v@gmail.com,(java.lang.String) Pass@12345]">
      <![CDATA[org.testng.internal.reflect.MethodMatcherException: 
Data provider mismatch
Method: URLLaunch([Parameter{index=0, type=java.lang.String, declaredAnnotations=[]}])
Arguments: [(java.lang.String) https://amazon.in,(java.lang.String) vignesh186v@gmail.com,(java.lang.String) Pass@12345]
... Removed 20 stack frames]]>
    </failure>
  </testcase> <!-- URLLaunch -->
  <testcase name="verifytitle" time="0.0" classname="Testcases.Amazontestcase">
    <ignored/>
  </testcase> <!-- verifytitle -->
  <testcase name="Applogout" time="0.0" classname="Testcases.Amazontestcase">
    <ignored/>
  </testcase> <!-- Applogout -->
  <testcase name="Applogin" time="0.0" classname="Testcases.Amazontestcase">
    <ignored/>
  </testcase> <!-- Applogin -->
  <testcase name="Prodprice" time="0.0" classname="Testcases.Amazontestcase">
    <ignored/>
  </testcase> <!-- Prodprice -->
</testsuite> <!-- Test -->
